<?xml version="1.0" encoding="UTF-8"?>
<testng-results ignored="0" total="2" passed="2" failed="0" skipped="0">
  <reporter-output>
  </reporter-output>
  <suite started-at="2024-05-03T14:03:23 EDT" name="Default suite" finished-at="2024-05-03T14:03:39 EDT" duration-ms="15211">
    <groups>
    </groups>
    <test started-at="2024-05-03T14:03:23 EDT" name="Default test" finished-at="2024-05-03T14:03:39 EDT" duration-ms="15211">
      <class name="registration.registrationtestsTestng">
        <test-method signature="RegisterAccountewithallfields()[pri:0, instance:registration.registrationtestsTestng@692f203f]" started-at="2024-05-03T14:03:24 EDT" name="RegisterAccountewithallfields" finished-at="2024-05-03T14:03:32 EDT" duration-ms="8048" status="PASS">
          <reporter-output>
          </reporter-output>
        </test-method> <!-- RegisterAccountewithallfields -->
        <test-method signature="RegisterAccountewithallmanadatoryfields()[pri:0, instance:registration.registrationtestsTestng@692f203f]" started-at="2024-05-03T14:03:32 EDT" name="RegisterAccountewithallmanadatoryfields" finished-at="2024-05-03T14:03:39 EDT" duration-ms="7090" status="PASS">
          <reporter-output>
          </reporter-output>
        </test-method> <!-- RegisterAccountewithallmanadatoryfields -->
      </class> <!-- registration.registrationtestsTestng -->
    </test> <!-- Default test -->
  </suite> <!-- Default suite -->
</testng-results>
