<?xml version="1.0" encoding="UTF-8"?>
<testng-results ignored="0" total="2" passed="2" failed="0" skipped="0">
  <reporter-output>
  </reporter-output>
  <suite started-at="2024-02-05T13:05:05 GMT-05:00" name="Default suite" finished-at="2024-02-05T13:05:07 GMT-05:00" duration-ms="2118">
    <groups>
    </groups>
    <test started-at="2024-02-05T13:05:05 GMT-05:00" name="Default test" finished-at="2024-02-05T13:05:07 GMT-05:00" duration-ms="2118">
      <class name="testscripts.ApiTest">
        <test-method signature="getSingleUser()[pri:0, instance:testscripts.ApiTest@2e005c4b]" started-at="2024-02-05T13:05:05 GMT-05:00" name="getSingleUser" finished-at="2024-02-05T13:05:07 GMT-05:00" duration-ms="1920" status="PASS">
          <reporter-output>
          </reporter-output>
        </test-method> <!-- getSingleUser -->
        <test-method signature="getUserPageTwo()[pri:0, instance:testscripts.ApiTest@2e005c4b]" started-at="2024-02-05T13:05:07 GMT-05:00" name="getUserPageTwo" finished-at="2024-02-05T13:05:07 GMT-05:00" duration-ms="138" status="PASS">
          <reporter-output>
          </reporter-output>
        </test-method> <!-- getUserPageTwo -->
      </class> <!-- testscripts.ApiTest -->
    </test> <!-- Default test -->
  </suite> <!-- Default suite -->
</testng-results>
