<?xml version="1.0" encoding="UTF-8"?>
<!-- Generated by org.testng.reporters.JUnitXMLReporter -->
<testsuite ignored="0" hostname="vijay" failures="0" tests="2" name="Default test" time="15.211" errors="0" timestamp="2024-05-03T14:03:39 EDT">
  <testcase classname="registration.registrationtestsTestng" name="RegisterAccountewithallfields" time="8.048"/>
  <testcase classname="registration.registrationtestsTestng" name="RegisterAccountewithallmanadatoryfields" time="7.09"/>
</testsuite> <!-- Default test -->
